c:\users\atta3\desktop\project\project_chatting\x64\release\vc143.pdb
c:\users\atta3\desktop\project\project_chatting\x64\release\ui.obj
c:\users\atta3\desktop\project\project_chatting\x64\release\select.obj
c:\users\atta3\desktop\project\project_chatting\x64\release\main.obj
c:\users\atta3\desktop\project\project_chatting\x64\release\function.obj
c:\users\atta3\desktop\project\project_chatting\x64\release\emailsend.obj
c:\users\atta3\desktop\project\project_chatting\x64\release\validation.obj
c:\users\atta3\desktop\project\project_chatting\x64\release\dao.obj
c:\users\atta3\desktop\project\project_chatting\x64\release\project_chatting.lib
c:\users\atta3\desktop\project\project_chatting\x64\release\project_chatting.exp
c:\users\atta3\desktop\project\project_chatting\x64\release\project_chatting.ipdb
c:\users\atta3\desktop\project\project_chatting\x64\release\project_chatting.iobj
c:\users\atta3\desktop\project\project_chatting\x64\release\project_chatting.exe
c:\users\atta3\desktop\project\project_chatting\x64\release\project_chatting.pdb
c:\users\atta3\desktop\project\project_chatting\x64\release\libcurl.dll
c:\users\atta3\desktop\project\project_chatting\x64\release\zlib1.dll
c:\users\atta3\desktop\project\project_chatting\x64\release\project_chatting.tlog\cl.command.1.tlog
c:\users\atta3\desktop\project\project_chatting\x64\release\project_chatting.tlog\cl.items.tlog
c:\users\atta3\desktop\project\project_chatting\x64\release\project_chatting.tlog\cl.read.1.tlog
c:\users\atta3\desktop\project\project_chatting\x64\release\project_chatting.tlog\cl.write.1.tlog
c:\users\atta3\desktop\project\project_chatting\x64\release\project_chatting.tlog\link.command.1.tlog
c:\users\atta3\desktop\project\project_chatting\x64\release\project_chatting.tlog\link.read.1.tlog
c:\users\atta3\desktop\project\project_chatting\x64\release\project_chatting.tlog\link.write.1.tlog
c:\users\atta3\desktop\project\project_chatting\x64\release\project_chatting.tlog\link.write.2u.tlog
c:\users\atta3\desktop\project\project_chatting\x64\release\project_chatting.tlog\project_chatting.write.1u.tlog
